{
    "correlationId": "nocorrelation",
    "level": "\u001b[32minfo\u001b[39m",
    "message": "App is running on port: 3000",
    "timestamp": "2022-11-25T05:59:01.879Z"
}
{-
    "correlationId": "af608521-a2ea-4027-a02831db67280958",
    "level": "\u001b[32minfo\u001b[39m",
    "message": "GET /",
    "timestamp": "2022-11-25T05:59:09.122Z"
}
{
    "correlationId": "af608521-a2ea-4027-a028-31db67280958",
    "level": "\u001b[32minfo\u001b[39m",
    "message": "The request has been received",
    "timestamp": "2022-11-25T05:59:09.124Z"
}
{
    "correlationId": "af608521-a2ea-4027-a028-31db67280958",
    "level": "\u001b[32minfo\u001b[39m",
    "message": "GET 304 / (- bytes) 2.548 ms",
    "timestamp": "2022-11-25T05:59:09.129Z"
}
{
    "correlationId": "nocorrelation",
    "level": "\u001b[32minfo\u001b[39m",
    "message": "App is running on port: 3000",
    "timestamp": "2022-11-25T06:12:00.419Z"
}
{
    "correlationId": "e964b947-ce22-4c26-a655-1b32ceb26aa1",
    "level": "\u001b[32minfo\u001b[39m",
    "message": "GET /",
    "timestamp": "2022-11-25T06:12:36.235Z"
}
{
    "correlationId": "e964b947-ce22-4c26-a655-1b32ceb26aa1",
    "level": "\u001b[32minfo\u001b[39m",
    "message": "The request has been received",
    "timestamp": "2022-11-25T06:12:36.236Z"
}
{
    "correlationId": "e964b947-ce22-4c26-a655-1b32ceb26aa1",
    "level": "\u001b[32minfo\u001b[39m",
    "message": "GET 500 / (1039 bytes) 7.997 ms",
    "timestamp": "2022-11-25T06:12:36.245Z"
}
{
    "correlationId": "nocorrelation",
    "level": "\u001b[32minfo\u001b[39m",
    "message": "App is running on port: 3000",
    "timestamp": "2022-11-25T06:15:01.025Z"
}
{
    "correlationId": "bb87ff68-3a50-498e-a813-36daf0047ba0",
    "level": "\u001b[32minfo\u001b[39m",
    "message": "GET /",
    "timestamp": "2022-11-25T06:15:11.327Z"
}
{
    "correlationId": "bb87ff68-3a50-498e-a813-36daf0047ba0",
    "level": "\u001b[32minfo\u001b[39m",
    "message": "The request has been received",
    "timestamp": "2022-11-25T06:15:11.334Z"
}
{
    "correlationId": "bb87ff68-3a50-498e-a813-36daf0047ba0",
    "level": "\u001b[32minfo\u001b[39m",
    "message": "GET 200 / (2 bytes) 30.250 ms",
    "timestamp": "2022-11-25T06:15:11.372Z"
}
