{
    "correlationId": "nocorrelation",
    "level": "\u001b[32minfo\u001b[39m",
    "message": "App is running on port: 3000",
    "timestamp": "2022-11-25T05:59:01.879Z"
}
{-
    "correlationId": "af608521-a2ea-4027-a02831db67280958",
    "level": "\u001b[32minfo\u001b[39m",
    "message": "GET /",
    "timestamp": "2022-11-25T05:59:09.122Z"
}
{
    "correlationId": "af608521-a2ea-4027-a028-31db67280958",
    "level": "\u001b[32minfo\u001b[39m",
    "message": "The request has been received",
    "timestamp": "2022-11-25T05:59:09.124Z"
}
{
    "correlationId": "af608521-a2ea-4027-a028-31db67280958",
    "level": "\u001b[32minfo\u001b[39m",
    "message": "GET 304 / (- bytes) 2.548 ms",
    "timestamp": "2022-11-25T05:59:09.129Z"
}
{
    "correlationId": "nocorrelation",
    "level": "\u001b[32minfo\u001b[39m",
    "message": "App is running on port: 3001",
    "timestamp": "2022-11-25T06:12:22.516Z"
}
{
    "correlationId": "bb87ff68-3a50-498e-a813-36daf0047ba0",
    "level": "\u001b[32minfo\u001b[39m",
    "message": "GET /",
    "timestamp": "2022-11-25T06:15:11.398Z"
}
{
    "correlationId": "bb87ff68-3a50-498e-a813-36daf0047ba0",
    "level": "\u001b[32minfo\u001b[39m",
    "message": "The request has been received",
    "timestamp": "2022-11-25T06:15:11.407Z"
}
{
    "correlationId": "bb87ff68-3a50-498e-a813-36daf0047ba0",
    "level": "\u001b[32minfo\u001b[39m",
    "message": "GET 200 / (2 bytes) 5.355 ms",
    "timestamp": "2022-11-25T06:15:11.414Z"
}
